<?xml version="1.0" encoding="UTF-8"?>
<!-- Generated by org.testng.reporters.JUnitReportReporter -->
<testsuite hostname="CO-IT00560" name="com.globant.training.automation_training_project.TestSuite" tests="8" failures="0" timestamp="19 Oct 2017 14:23:33 GMT" time="0.062" errors="0">
  <testcase name="concatenateStrings" time="0.001" classname="com.globant.training.automation_training_project.TestSuite"/>
  <testcase name="printDate" time="0.050" classname="com.globant.training.automation_training_project.TestSuite"/>
  <testcase name="ambiente" time="0.001" classname="com.globant.training.automation_training_project.TestSuite"/>
  <testcase name="multiplyNumbers" time="0.005" classname="com.globant.training.automation_training_project.TestSuite"/>
  <testcase name="multiplyNumbers" time="0.002" classname="com.globant.training.automation_training_project.TestSuite"/>
  <testcase name="concatenateStrings" time="0.001" classname="com.globant.training.automation_training_project.TestSuite"/>
  <testcase name="multiplyNumbers" time="0.002" classname="com.globant.training.automation_training_project.TestSuite"/>
  <testcase name="concatenateStrings" time="0.000" classname="com.globant.training.automation_training_project.TestSuite"/>
</testsuite> <!-- com.globant.training.automation_training_project.TestSuite -->
